[0.         0.         0.         0.         0.         0.
 0.         0.         0.         0.         1.         0.
 0.         0.         0.         0.99195545 0.48929727 0.
 0.         1.         0.         0.         0.         0.
 0.         0.         0.         0.         0.         1.
 0.         0.         0.         0.         0.         0.
 0.         0.         0.20361843 0.         1.         0.
 0.         0.         0.04085161 0.         0.4295042  0.
 1.         1.         0.         0.         0.         0.
 0.         0.38223382 0.         0.         0.         0.
 0.         0.         0.         0.         0.         0.
 0.         0.         0.         0.         0.11541131 0.
 0.         0.         0.         0.         0.         1.
 0.         0.52924476 0.10348247 0.         0.         0.
 0.         0.         0.         0.         0.         0.27496527
 0.79120036 0.         0.         0.         0.         0.
 0.         0.         0.         0.         0.         0.
 0.         0.         0.         0.         0.         0.
 0.         0.         0.         0.         0.3466821  0.
 0.         0.19718119 0.         0.         0.         0.
 0.         0.         0.         0.         0.         0.
 0.         0.         0.         0.         0.         0.
 1.         1.         0.         0.         0.61495851 0.04633929
 0.         0.85399013 0.         0.         0.34258705 1.
 0.30113485 0.         0.         0.         0.         1.
 0.         0.         0.         0.         0.         0.
 0.         1.         0.         0.         0.         0.
 0.         0.         0.         0.         0.         0.
 0.         0.37676825 0.         0.         0.         0.
 0.         0.         0.         0.         0.20982681 0.
 0.         1.         0.         0.         0.         0.
 0.60336472 0.         0.         0.         0.         0.
 1.         0.         0.         0.         0.45893205 0.
 0.         0.        ]
